<?xml version="1.0" encoding="UTF-8"?>
<!-- Generated by org.testng.reporters.JUnitXMLReporter -->
<testsuite hostname="T450SAmuluru" name="Default test" tests="3" failures="0" timestamp="18 Dec 2015 17:01:20 GMT" time="247.346" errors="0">
  <testcase name="dBQueries" time="5.498" classname="com.primerevenue.osci.test.smoke.AutoPOPerformTradeTestNG"/>
  <testcase name="runServices" time="0.047" classname="com.primerevenue.osci.test.smoke.AutoPOPerformTradeTestNG"/>
  <testcase name="test2" time="241.771" classname="com.primerevenue.osci.test.smoke.AutoPOPerformTradeTestNG"/>
</testsuite> <!-- Default test -->
