<?xml version="1.0" encoding="UTF-8"?>
<!-- Generated by org.testng.reporters.JUnitXMLReporter -->
<testsuite hostname="T450SAmuluru" name="smokeTest" tests="6" failures="0" timestamp="3 Dec 2015 11:38:02 GMT" time="441.509" errors="0">
  <testcase name="smokeTest1" time="101.8" classname="com.primerevenue.osci.test.smoke.SPSmokeTestNG1"/>
  <testcase name="cmsmokeTest1" time="37.094" classname="com.primerevenue.osci.test.smoke.CMSmokeTestNG2"/>
  <testcase name="cmsmokeTest2" time="58.389" classname="com.primerevenue.osci.test.smoke.CMSmokeTestNG2"/>
  <testcase name="smokeTestfi1" time="75.405" classname="com.primerevenue.osci.test.smoke.FISmokeTestNG3"/>
  <testcase name="smokeTest1" time="63.748" classname="com.primerevenue.osci.test.smoke.SPSmokeTestNG4"/>
  <testcase name="smokeTestReports" time="102.356" classname="com.primerevenue.osci.test.smoke.SuppReportsTestNG5"/>
</testsuite> <!-- smokeTest -->
