<?xml version="1.0" encoding="UTF-8"?>
<!-- Generated by org.testng.reporters.JUnitXMLReporter -->
<testsuite hostname="T450SAmuluru" name="smokeTest" tests="5" failures="0" timestamp="13 Jan 2016 22:58:39 GMT" time="307.417" errors="0">
  <testcase name="smokeTest1" time="92.592" classname="com.primerevenue.osci.test.smoke.SPSmokeTestNG1"/>
  <testcase name="cmsmokeTest1" time="24.695" classname="com.primerevenue.osci.test.smoke.CMSmokeTestNG2"/>
  <testcase name="cmsmokeTest2" time="60.214" classname="com.primerevenue.osci.test.smoke.CMSmokeTestNG2"/>
  <testcase name="smokeTestfi1" time="66.784" classname="com.primerevenue.osci.test.smoke.FISmokeTestNG3"/>
  <testcase name="smokeTest1" time="58.263" classname="com.primerevenue.osci.test.smoke.SPSmokeTestNG4"/>
</testsuite> <!-- smokeTest -->
