<?xml version="1.0" encoding="UTF-8"?>
<testng-results skipped="0" failed="0" total="1" passed="1">
  <reporter-output>
  </reporter-output>
  <suite name="Default suite" duration-ms="86439" started-at="2015-11-15T02:09:48Z" finished-at="2015-11-15T02:11:14Z">
    <groups>
    </groups>
    <test name="Default test" duration-ms="86439" started-at="2015-11-15T02:09:48Z" finished-at="2015-11-15T02:11:14Z">
      <class name="com.primerevenue.osci.test.smoke.SPLoginTestNG4">
        <test-method status="PASS" signature="beforeSuite(org.testng.ITestContext)[pri:0, instance:com.primerevenue.osci.test.smoke.SPLoginTestNG4@39fb3ab6]" name="beforeSuite" is-config="true" duration-ms="13" started-at="2015-11-14T21:09:48Z" finished-at="2015-11-14T21:09:48Z">
          <params>
            <param index="0">
              <value>
                <![CDATA[org.testng.TestRunner@2d778add]]>
              </value>
            </param>
          </params>
          <reporter-output>
          </reporter-output>
        </test-method> <!-- beforeSuite -->
        <test-method status="PASS" signature="beforeClass()[pri:0, instance:com.primerevenue.osci.test.smoke.SPLoginTestNG4@39fb3ab6]" name="beforeClass" is-config="true" duration-ms="0" started-at="2015-11-14T21:09:48Z" finished-at="2015-11-14T21:09:48Z">
          <reporter-output>
          </reporter-output>
        </test-method> <!-- beforeClass -->
        <test-method status="PASS" signature="beforeMethod(java.lang.reflect.Method)[pri:0, instance:com.primerevenue.osci.test.smoke.SPLoginTestNG4@39fb3ab6]" name="beforeMethod" is-config="true" duration-ms="0" started-at="2015-11-14T21:09:48Z" finished-at="2015-11-14T21:09:48Z">
          <params>
            <param index="0">
              <value>
                <![CDATA[public void com.primerevenue.osci.test.smoke.SPLoginTestNG4.smokeTest1() throws java.lang.InterruptedException]]>
              </value>
            </param>
          </params>
          <reporter-output>
          </reporter-output>
        </test-method> <!-- beforeMethod -->
        <test-method status="PASS" signature="smokeTest1()[pri:0, instance:com.primerevenue.osci.test.smoke.SPLoginTestNG4@39fb3ab6]" name="smokeTest1" duration-ms="86426" started-at="2015-11-14T21:09:48Z" finished-at="2015-11-14T21:11:14Z">
          <reporter-output>
          </reporter-output>
        </test-method> <!-- smokeTest1 -->
        <test-method status="PASS" signature="afterClass()[pri:0, instance:com.primerevenue.osci.test.smoke.SPLoginTestNG4@39fb3ab6]" name="afterClass" is-config="true" duration-ms="0" started-at="2015-11-14T21:11:14Z" finished-at="2015-11-14T21:11:14Z">
          <reporter-output>
          </reporter-output>
        </test-method> <!-- afterClass -->
        <test-method status="FAIL" signature="afterSuite(org.testng.ITestContext)[pri:0, instance:com.primerevenue.osci.test.smoke.SPLoginTestNG4@39fb3ab6]" name="afterSuite" is-config="true" duration-ms="0" started-at="2015-11-14T21:11:14Z" finished-at="2015-11-14T21:11:14Z">
          <params>
            <param index="0">
              <value>
                <![CDATA[org.testng.TestRunner@2d778add]]>
              </value>
            </param>
          </params>
          <exception class="java.lang.NullPointerException">
            <full-stacktrace>
              <![CDATA[java.lang.NullPointerException
	at com.primerevenue.osci.driver.PRBase.afterSuite(PRBase.java:183)
	at sun.reflect.NativeMethodAccessorImpl.invoke0(Native Method)
	at sun.reflect.NativeMethodAccessorImpl.invoke(Unknown Source)
	at sun.reflect.DelegatingMethodAccessorImpl.invoke(Unknown Source)
	at java.lang.reflect.Method.invoke(Unknown Source)
	at org.testng.internal.MethodInvocationHelper.invokeMethod(MethodInvocationHelper.java:85)
	at org.testng.internal.Invoker.invokeConfigurationMethod(Invoker.java:510)
	at org.testng.internal.Invoker.invokeConfigurations(Invoker.java:211)
	at org.testng.internal.Invoker.invokeConfigurations(Invoker.java:138)
	at org.testng.SuiteRunner.privateRun(SuiteRunner.java:329)
	at org.testng.SuiteRunner.run(SuiteRunner.java:261)
	at org.testng.SuiteRunnerWorker.runSuite(SuiteRunnerWorker.java:52)
	at org.testng.SuiteRunnerWorker.run(SuiteRunnerWorker.java:86)
	at org.testng.TestNG.runSuitesSequentially(TestNG.java:1185)
	at org.testng.TestNG.runSuitesLocally(TestNG.java:1110)
	at org.testng.TestNG.run(TestNG.java:1018)
	at org.testng.remote.RemoteTestNG.run(RemoteTestNG.java:112)
	at org.testng.remote.RemoteTestNG.initAndRun(RemoteTestNG.java:205)
	at org.testng.remote.RemoteTestNG.main(RemoteTestNG.java:176)
]]>
            </full-stacktrace>
          </exception> <!-- java.lang.NullPointerException -->
          <reporter-output>
          </reporter-output>
        </test-method> <!-- afterSuite -->
      </class> <!-- com.primerevenue.osci.test.smoke.SPLoginTestNG4 -->
    </test> <!-- Default test -->
  </suite> <!-- Default suite -->
</testng-results>
