<?xml version="1.0" encoding="UTF-8"?>
<testng-results skipped="0" failed="0" total="1" passed="1">
  <reporter-output>
  </reporter-output>
  <suite name="Default suite" duration-ms="10190" started-at="2015-12-17T14:26:20Z" finished-at="2015-12-17T14:26:30Z">
    <groups>
    </groups>
    <test name="Default test" duration-ms="10190" started-at="2015-12-17T14:26:20Z" finished-at="2015-12-17T14:26:30Z">
      <class name="com.primerevenue.osci.test.smoke.DBRollBackTestNG14">
        <test-method status="PASS" signature="beforeSuite(org.testng.ITestContext)[pri:0, instance:com.primerevenue.osci.test.smoke.DBRollBackTestNG14@6ea12c19]" name="beforeSuite" is-config="true" duration-ms="13" started-at="2015-12-17T09:26:20Z" finished-at="2015-12-17T09:26:20Z">
          <params>
            <param index="0">
              <value>
                <![CDATA[org.testng.TestRunner@5cee5251]]>
              </value>
            </param>
          </params>
          <reporter-output>
          </reporter-output>
        </test-method> <!-- beforeSuite -->
        <test-method status="PASS" signature="beforeClass()[pri:0, instance:com.primerevenue.osci.test.smoke.DBRollBackTestNG14@6ea12c19]" name="beforeClass" is-config="true" duration-ms="0" started-at="2015-12-17T09:26:20Z" finished-at="2015-12-17T09:26:20Z">
          <reporter-output>
          </reporter-output>
        </test-method> <!-- beforeClass -->
        <test-method status="PASS" signature="beforeMethod(java.lang.reflect.Method)[pri:0, instance:com.primerevenue.osci.test.smoke.DBRollBackTestNG14@6ea12c19]" name="beforeMethod" is-config="true" duration-ms="0" started-at="2015-12-17T09:26:20Z" finished-at="2015-12-17T09:26:20Z">
          <params>
            <param index="0">
              <value>
                <![CDATA[public void com.primerevenue.osci.test.smoke.DBRollBackTestNG14.testdb()]]>
              </value>
            </param>
          </params>
          <reporter-output>
          </reporter-output>
        </test-method> <!-- beforeMethod -->
        <test-method status="PASS" signature="testdb()[pri:0, instance:com.primerevenue.osci.test.smoke.DBRollBackTestNG14@6ea12c19]" name="testdb" duration-ms="10174" started-at="2015-12-17T09:26:20Z" finished-at="2015-12-17T09:26:30Z">
          <reporter-output>
          </reporter-output>
        </test-method> <!-- testdb -->
        <test-method status="PASS" signature="afterClass()[pri:0, instance:com.primerevenue.osci.test.smoke.DBRollBackTestNG14@6ea12c19]" name="afterClass" is-config="true" duration-ms="0" started-at="2015-12-17T09:26:30Z" finished-at="2015-12-17T09:26:30Z">
          <reporter-output>
          </reporter-output>
        </test-method> <!-- afterClass -->
      </class> <!-- com.primerevenue.osci.test.smoke.DBRollBackTestNG14 -->
    </test> <!-- Default test -->
  </suite> <!-- Default suite -->
</testng-results>
