<?xml version="1.0" encoding="UTF-8"?>
<!-- Generated by org.testng.reporters.JUnitReportReporter -->
<testsuite hostname="T450SAmuluru" name="com.primerevenue.osci.test.smoke.SPModReportsTestNG8" tests="2" failures="0" timestamp="18 Dec 2015 13:18:19 GMT" time="140.340" errors="0">
  <testcase name="smokeTest1" time="140.338" classname="com.primerevenue.osci.test.smoke.SPModReportsTestNG8"/>
  <testcase name="afterClass" time="0.002" classname="com.primerevenue.osci.test.smoke.SPModReportsTestNG8"/>
</testsuite> <!-- com.primerevenue.osci.test.smoke.SPModReportsTestNG8 -->
